Standard Commons Logging discovery in action with spring-jcl: please remove commons-logging.jar from classpath in order to avoid potential conflicts

  .   ____          _            __ _ _
 /\\ / ___'_ __ _ _(_)_ __  __ _ \ \ \ \
( ( )\___ | '_ | '_| | '_ \/ _` | \ \ \ \
 \\/  ___)| |_)| | | | | || (_| |  ) ) ) )
  '  |____| .__|_| |_|_| |_\__, | / / / /
 =========|_|==============|___/=/_/_/_/
 :: Spring Boot ::                (v3.2.3)

2026-02-23T13:39:36.508+01:00  INFO 29587 --- [           main] c.t.TravelPlanningPlatformApplication    : Starting TravelPlanningPlatformApplication v0.0.1-SNAPSHOT using Java 21.0.8 with PID 29587 (/Users/alidogan/Projects/JAVA/TravelPlanningPlatform/target/TravelPlanningPlatform-0.0.1-SNAPSHOT.jar started by alidogan in /Users/alidogan/Projects/JAVA/TravelPlanningPlatform)
2026-02-23T13:39:36.510+01:00  INFO 29587 --- [           main] c.t.TravelPlanningPlatformApplication    : No active profile set, falling back to 1 default profile: "default"
2026-02-23T13:39:37.264+01:00  INFO 29587 --- [           main] .s.d.r.c.RepositoryConfigurationDelegate : Multiple Spring Data modules found, entering strict repository configuration mode
2026-02-23T13:39:37.265+01:00  INFO 29587 --- [           main] .s.d.r.c.RepositoryConfigurationDelegate : Bootstrapping Spring Data JPA repositories in DEFAULT mode.
2026-02-23T13:39:37.373+01:00  INFO 29587 --- [           main] .s.d.r.c.RepositoryConfigurationDelegate : Finished Spring Data repository scanning in 100 ms. Found 3 JPA repository interfaces.
2026-02-23T13:39:37.392+01:00  INFO 29587 --- [           main] .s.d.r.c.RepositoryConfigurationDelegate : Multiple Spring Data modules found, entering strict repository configuration mode
2026-02-23T13:39:37.393+01:00  INFO 29587 --- [           main] .s.d.r.c.RepositoryConfigurationDelegate : Bootstrapping Spring Data Redis repositories in DEFAULT mode.
2026-02-23T13:39:37.401+01:00  INFO 29587 --- [           main] .RepositoryConfigurationExtensionSupport : Spring Data Redis - Could not safely identify store assignment for repository candidate interface com.travelplanningplatform.repository.ItineraryRepository; If you want this repository to be a Redis repository, consider annotating your entities with one of these annotations: org.springframework.data.redis.core.RedisHash (preferred), or consider extending one of the following types with your repository: org.springframework.data.keyvalue.repository.KeyValueRepository
2026-02-23T13:39:37.401+01:00  INFO 29587 --- [           main] .RepositoryConfigurationExtensionSupport : Spring Data Redis - Could not safely identify store assignment for repository candidate interface com.travelplanningplatform.repository.UserRepository; If you want this repository to be a Redis repository, consider annotating your entities with one of these annotations: org.springframework.data.redis.core.RedisHash (preferred), or consider extending one of the following types with your repository: org.springframework.data.keyvalue.repository.KeyValueRepository
2026-02-23T13:39:37.401+01:00  INFO 29587 --- [           main] .RepositoryConfigurationExtensionSupport : Spring Data Redis - Could not safely identify store assignment for repository candidate interface com.travelplanningplatform.repository.TripRepository; If you want this repository to be a Redis repository, consider annotating your entities with one of these annotations: org.springframework.data.redis.core.RedisHash (preferred), or consider extending one of the following types with your repository: org.springframework.data.keyvalue.repository.KeyValueRepository
2026-02-23T13:39:37.401+01:00  INFO 29587 --- [           main] .s.d.r.c.RepositoryConfigurationDelegate : Finished Spring Data repository scanning in 3 ms. Found 0 Redis repository interfaces.
2026-02-23T13:39:37.946+01:00  INFO 29587 --- [           main] o.s.b.w.embedded.tomcat.TomcatWebServer  : Tomcat initialized with port 8080 (http)
2026-02-23T13:39:37.954+01:00  INFO 29587 --- [           main] o.apache.catalina.core.StandardService   : Starting service [Tomcat]
2026-02-23T13:39:37.954+01:00  INFO 29587 --- [           main] o.apache.catalina.core.StandardEngine    : Starting Servlet engine: [Apache Tomcat/10.1.19]
2026-02-23T13:39:37.970+01:00  INFO 29587 --- [           main] o.a.c.c.C.[Tomcat].[localhost].[/]       : Initializing Spring embedded WebApplicationContext
2026-02-23T13:39:37.971+01:00  INFO 29587 --- [           main] w.s.c.ServletWebServerApplicationContext : Root WebApplicationContext: initialization completed in 1420 ms
Standard Commons Logging discovery in action with spring-jcl: please remove commons-logging.jar from classpath in order to avoid potential conflicts
2026-02-23T13:39:38.084+01:00  INFO 29587 --- [           main] o.hibernate.jpa.internal.util.LogHelper  : HHH000204: Processing PersistenceUnitInfo [name: default]
2026-02-23T13:39:38.116+01:00  INFO 29587 --- [           main] org.hibernate.Version                    : HHH000412: Hibernate ORM core version 6.4.4.Final
2026-02-23T13:39:38.141+01:00  INFO 29587 --- [           main] o.h.c.internal.RegionFactoryInitiator    : HHH000026: Second-level cache disabled
2026-02-23T13:39:38.250+01:00  INFO 29587 --- [           main] o.s.o.j.p.SpringPersistenceUnitInfo      : No LoadTimeWeaver setup: ignoring JPA class transformer
2026-02-23T13:39:38.266+01:00  INFO 29587 --- [           main] com.zaxxer.hikari.HikariDataSource       : HikariPool-1 - Starting...
2026-02-23T13:39:38.353+01:00  INFO 29587 --- [           main] com.zaxxer.hikari.pool.HikariPool        : HikariPool-1 - Added connection org.postgresql.jdbc.PgConnection@61d09475
2026-02-23T13:39:38.354+01:00  INFO 29587 --- [           main] com.zaxxer.hikari.HikariDataSource       : HikariPool-1 - Start completed.
2026-02-23T13:39:38.375+01:00  WARN 29587 --- [           main] org.hibernate.orm.deprecation            : HHH90000025: PostgreSQLDialect does not need to be specified explicitly using 'hibernate.dialect' (remove the property setting and it will be selected by default)
2026-02-23T13:39:38.892+01:00  INFO 29587 --- [           main] o.h.e.t.j.p.i.JtaPlatformInitiator       : HHH000489: No JTA platform available (set 'hibernate.transaction.jta.platform' to enable JTA platform integration)
2026-02-23T13:39:38.969+01:00  INFO 29587 --- [           main] j.LocalContainerEntityManagerFactoryBean : Initialized JPA EntityManagerFactory for persistence unit 'default'
2026-02-23T13:39:39.204+01:00  INFO 29587 --- [           main] o.s.boot.web.servlet.RegistrationBean    : Filter jwtFilterRegistration was not registered (disabled)
2026-02-23T13:39:39.403+01:00  WARN 29587 --- [           main] JpaBaseConfiguration$JpaWebConfiguration : spring.jpa.open-in-view is enabled by default. Therefore, database queries may be performed during view rendering. Explicitly configure spring.jpa.open-in-view to disable this warning
2026-02-23T13:39:39.666+01:00  INFO 29587 --- [           main] o.s.s.web.DefaultSecurityFilterChain     : Will secure any request with [org.springframework.security.web.session.DisableEncodeUrlFilter@9670873, org.springframework.security.web.context.request.async.WebAsyncManagerIntegrationFilter@4ee41c66, org.springframework.security.web.context.SecurityContextHolderFilter@7a7698f4, org.springframework.security.web.header.HeaderWriterFilter@d8f65a1, org.springframework.web.filter.CorsFilter@35fea0cd, org.springframework.security.web.authentication.logout.LogoutFilter@1c12f0f4, com.travelplanningplatform.security.JwtAuthenticationFilter@3b9c386d, org.springframework.security.web.savedrequest.RequestCacheAwareFilter@5545137d, org.springframework.security.web.servletapi.SecurityContextHolderAwareRequestFilter@ac6da02, org.springframework.security.web.authentication.AnonymousAuthenticationFilter@2746bc43, org.springframework.security.web.session.SessionManagementFilter@d1b9dd7, org.springframework.security.web.access.ExceptionTranslationFilter@5232cec1, org.springframework.security.web.access.intercept.AuthorizationFilter@1bb21ec1]
2026-02-23T13:39:41.162+01:00  WARN 29587 --- [           main] ConfigServletWebServerApplicationContext : Exception encountered during context initialization - cancelling refresh attempt: org.springframework.context.ApplicationContextException: Failed to start bean 'webServerStartStop'
2026-02-23T13:39:41.167+01:00  INFO 29587 --- [           main] j.LocalContainerEntityManagerFactoryBean : Closing JPA EntityManagerFactory for persistence unit 'default'
2026-02-23T13:39:41.169+01:00  INFO 29587 --- [           main] com.zaxxer.hikari.HikariDataSource       : HikariPool-1 - Shutdown initiated...
2026-02-23T13:39:41.170+01:00  INFO 29587 --- [           main] com.zaxxer.hikari.HikariDataSource       : HikariPool-1 - Shutdown completed.
2026-02-23T13:39:41.178+01:00  INFO 29587 --- [           main] .s.b.a.l.ConditionEvaluationReportLogger : 

Error starting ApplicationContext. To display the condition evaluation report re-run your application with 'debug' enabled.
2026-02-23T13:39:41.187+01:00 ERROR 29587 --- [           main] o.s.b.d.LoggingFailureAnalysisReporter   : 

***************************
APPLICATION FAILED TO START
***************************

Description:

Web server failed to start. Port 8080 was already in use.

Action:

Identify and stop the process that's listening on port 8080 or configure this application to listen on another port.

